This is pdfTeX, Version 3.141592653-2.6-1.40.22 (TeX Live 2022/dev/Debian) (preloaded format=pdflatex 2023.10.5)  1 DEC 2023 13:29
entering extended mode
 restricted \write18 enabled.
 file:line:error style messages enabled.
 %&-line parsing enabled.
**/home/samsmith/Documents/CMEECourseWork/Miniproject/code/Write_up.tex
(/home/samsmith/Documents/CMEECourseWork/Miniproject/code/Write_up.tex
LaTeX2e <2021-11-15> patch level 1
L3 programming layer <2022-01-21> (/usr/share/texlive/texmf-dist/tex/latex/base/article.cls
Document Class: article 2021/10/04 v1.4n Standard LaTeX document class
(/usr/share/texlive/texmf-dist/tex/latex/base/size11.clo
File: size11.clo 2021/10/04 v1.4n Standard LaTeX file (size option)
)
\c@part=\count185
\c@section=\count186
\c@subsection=\count187
\c@subsubsection=\count188
\c@paragraph=\count189
\c@subparagraph=\count190
\c@figure=\count191
\c@table=\count192
\abovecaptionskip=\skip47
\belowcaptionskip=\skip48
\bibindent=\dimen138
) (/usr/share/texlive/texmf-dist/tex/latex/graphics/graphicx.sty
Package: graphicx 2021/09/16 v1.2d Enhanced LaTeX Graphics (DPC,SPQR)
 (/usr/share/texlive/texmf-dist/tex/latex/graphics/keyval.sty
Package: keyval 2014/10/28 v1.15 key=value parser (DPC)
\KV@toks@=\toks16
) (/usr/share/texlive/texmf-dist/tex/latex/graphics/graphics.sty
Package: graphics 2021/03/04 v1.4d Standard LaTeX Graphics (DPC,SPQR)
 (/usr/share/texlive/texmf-dist/tex/latex/graphics/trig.sty
Package: trig 2021/08/11 v1.11 sin cos tan (DPC)
) (/usr/share/texlive/texmf-dist/tex/latex/graphics-cfg/graphics.cfg
File: graphics.cfg 2016/06/04 v1.11 sample graphics configuration
)
Package graphics Info: Driver file: pdftex.def on input line 107.
 (/usr/share/texlive/texmf-dist/tex/latex/graphics-def/pdftex.def
File: pdftex.def 2020/10/05 v1.2a Graphics/color driver for pdftex
))
\Gin@req@height=\dimen139
\Gin@req@width=\dimen140
) (/usr/share/texlive/texmf-dist/tex/latex/csvsimple/csvsimple.sty (/usr/share/texlive/texmf-dist/tex/latex/l3packages/l3keys2e/l3keys2e.sty (/usr/share/texlive/texmf-dist/tex/latex/l3kernel/expl3.sty
Package: expl3 2022-01-21 L3 programming layer (loader) 
 (/usr/share/texlive/texmf-dist/tex/latex/l3backend/l3backend-pdftex.def
File: l3backend-pdftex.def 2022-01-12 L3 backend support: PDF output (pdfTeX)
\l__color_backend_stack_int=\count193
\l__pdf_internal_box=\box50
))
Package: l3keys2e 2022-01-12 LaTeX2e option processing using LaTeX3 keys
)
Package: csvsimple 2022/02/01 v2.3.0 LaTeX CSV file processing
) (/usr/share/texlive/texmf-dist/tex/latex/csvsimple/csvsimple-legacy.sty
Package: csvsimple-legacy 2022/02/01 version 2.3.0 LaTeX2e CSV file processing
 (/usr/share/texlive/texmf-dist/tex/latex/pgf/utilities/pgfrcs.sty (/usr/share/texlive/texmf-dist/tex/generic/pgf/utilities/pgfutil-common.tex
\pgfutil@everybye=\toks17
\pgfutil@tempdima=\dimen141
\pgfutil@tempdimb=\dimen142
 (/usr/share/texlive/texmf-dist/tex/generic/pgf/utilities/pgfutil-common-lists.tex)) (/usr/share/texlive/texmf-dist/tex/generic/pgf/utilities/pgfutil-latex.def
\pgfutil@abb=\box51
) (/usr/share/texlive/texmf-dist/tex/generic/pgf/utilities/pgfrcs.code.tex (/usr/share/texlive/texmf-dist/tex/generic/pgf/pgf.revision.tex)
Package: pgfrcs 2021/05/15 v3.1.9a (3.1.9a)
)) (/usr/share/texlive/texmf-dist/tex/latex/pgf/utilities/pgfkeys.sty (/usr/share/texlive/texmf-dist/tex/generic/pgf/utilities/pgfkeys.code.tex
\pgfkeys@pathtoks=\toks18
\pgfkeys@temptoks=\toks19
 (/usr/share/texlive/texmf-dist/tex/generic/pgf/utilities/pgfkeysfiltered.code.tex
\pgfkeys@tmptoks=\toks20
))) (/usr/share/texlive/texmf-dist/tex/latex/base/ifthen.sty
Package: ifthen 2020/11/24 v1.1c Standard LaTeX ifthen package (DPC)
) (/usr/share/texlive/texmf-dist/tex/latex/etoolbox/etoolbox.sty
Package: etoolbox 2020/10/05 v2.5k e-TeX tools for LaTeX (JAW)
\etb@tempcnta=\count194
) (/usr/share/texlive/texmf-dist/tex/latex/tools/shellesc.sty
Package: shellesc 2019/11/08 v1.0c unified shell escape interface for LaTeX
Package shellesc Info: Restricted shell escape enabled on input line 77.
)
\csv@file=\read2
\c@csvinputline=\count195
\c@csvrow=\count196
\c@csvcol=\count197
\csv@out=\write3
) (/usr/share/texlive/texmf-dist/tex/latex/booktabs/booktabs.sty
Package: booktabs 2020/01/12 v1.61803398 Publication quality tables
\heavyrulewidth=\dimen143
\lightrulewidth=\dimen144
\cmidrulewidth=\dimen145
\belowrulesep=\dimen146
\belowbottomsep=\dimen147
\aboverulesep=\dimen148
\abovetopsep=\dimen149
\cmidrulesep=\dimen150
\cmidrulekern=\dimen151
\defaultaddspace=\dimen152
\@cmidla=\count198
\@cmidlb=\count199
\@aboverulesep=\dimen153
\@belowrulesep=\dimen154
\@thisruleclass=\count266
\@lastruleclass=\count267
\@thisrulewidth=\dimen155
) (/usr/share/texlive/texmf-dist/tex/latex/caption/subcaption.sty
Package: subcaption 2020/10/07 v1.3j Sub-captions (AR)
 (/usr/share/texlive/texmf-dist/tex/latex/caption/caption.sty
Package: caption 2020/10/26 v3.5g Customizing captions (AR)
 (/usr/share/texlive/texmf-dist/tex/latex/caption/caption3.sty
Package: caption3 2020/10/21 v2.2e caption3 kernel (AR)
\captionmargin=\dimen156
\captionmargin@=\dimen157
\captionwidth=\dimen158
\caption@tempdima=\dimen159
\caption@indent=\dimen160
\caption@parindent=\dimen161
\caption@hangindent=\dimen162
Package caption Info: Standard document class detected.
)
\c@caption@flags=\count268
\c@continuedfloat=\count269
)
\c@subfigure=\count270
\c@subtable=\count271
) (/usr/share/texlive/texmf-dist/tex/latex/setspace/setspace.sty
Package: setspace 2011/12/19 v6.7a set line spacing
) (/usr/share/texlive/texmf-dist/tex/latex/lineno/lineno.sty
Package: lineno 2005/11/02 line numbers on paragraphs v4.41
\linenopenalty=\count272
\output=\toks21
\linenoprevgraf=\count273
\linenumbersep=\dimen163
\linenumberwidth=\dimen164
\c@linenumber=\count274
\c@pagewiselinenumber=\count275
\c@LN@truepage=\count276
\c@internallinenumber=\count277
\c@internallinenumbers=\count278
\quotelinenumbersep=\dimen165
\bframerule=\dimen166
\bframesep=\dimen167
\bframebox=\box52
LaTeX Info: Redefining \\ on input line 3056.
) (./Write_up.aux)
\openout1 = `Write_up.aux'.

LaTeX Font Info:    Checking defaults for OML/cmm/m/it on input line 18.
LaTeX Font Info:    ... okay on input line 18.
LaTeX Font Info:    Checking defaults for OMS/cmsy/m/n on input line 18.
LaTeX Font Info:    ... okay on input line 18.
LaTeX Font Info:    Checking defaults for OT1/cmr/m/n on input line 18.
LaTeX Font Info:    ... okay on input line 18.
LaTeX Font Info:    Checking defaults for T1/cmr/m/n on input line 18.
LaTeX Font Info:    ... okay on input line 18.
LaTeX Font Info:    Checking defaults for TS1/cmr/m/n on input line 18.
LaTeX Font Info:    ... okay on input line 18.
LaTeX Font Info:    Checking defaults for OMX/cmex/m/n on input line 18.
LaTeX Font Info:    ... okay on input line 18.
LaTeX Font Info:    Checking defaults for U/cmr/m/n on input line 18.
LaTeX Font Info:    ... okay on input line 18.
 (/usr/share/texlive/texmf-dist/tex/context/base/mkii/supp-pdf.mkii
[Loading MPS to PDF converter (version 2006.09.02).]
\scratchcounter=\count279
\scratchdimen=\dimen168
\scratchbox=\box53
\nofMPsegments=\count280
\nofMParguments=\count281
\everyMPshowfont=\toks22
\MPscratchCnt=\count282
\MPscratchDim=\dimen169
\MPnumerator=\count283
\makeMPintoPDFobject=\count284
\everyMPtoPDFconversion=\toks23
) (/usr/share/texlive/texmf-dist/tex/latex/epstopdf-pkg/epstopdf-base.sty
Package: epstopdf-base 2020-01-24 v2.11 Base part for package epstopdf
Package epstopdf-base Info: Redefining graphics rule for `.eps' on input line 485.
 (/usr/share/texlive/texmf-dist/tex/latex/latexconfig/epstopdf-sys.cfg
File: epstopdf-sys.cfg 2010/07/13 v1.3 Configuration of (r)epstopdf for TeX Live
))
Package caption Info: Begin \AtBeginDocument code.
Package caption Info: End \AtBeginDocument code.
LaTeX Font Info:    External font `cmex10' loaded for size
(Font)              <12> on input line 20.
LaTeX Font Info:    External font `cmex10' loaded for size
(Font)              <8> on input line 20.
LaTeX Font Info:    External font `cmex10' loaded for size
(Font)              <6> on input line 20.


LaTeX Warning: Citation `Shoemaker2021' on page 1 undefined on input line 28.


LaTeX Warning: Citation `Gupta2016' on page 1 undefined on input line 28.


LaTeX Warning: Citation `NatRevMicro' on page 1 undefined on input line 28.


LaTeX Warning: Citation `Zwietering1990' on page 1 undefined on input line 28.


LaTeX Warning: Citation `BUCHANAN1997313' on page 1 undefined on input line 28.


LaTeX Warning: Citation `WACHENHEIM2003157' on page 1 undefined on input line 28.


Underfull \hbox (badness 10000) in paragraph at lines 28--29

 []


LaTeX Warning: Citation `Pla2015' on page 1 undefined on input line 30.


LaTeX Warning: Citation `Zwietering1990' on page 1 undefined on input line 30.


LaTeX Warning: Citation `Garcia2021' on page 1 undefined on input line 30.


LaTeX Warning: Citation `doi:10.1080/10408398.2011.570463' on page 1 undefined on input line 30.


Underfull \hbox (badness 10000) in paragraph at lines 30--31

 []

[1

{/var/lib/texmf/fonts/map/pdftex/updmap/pdftex.map}]

LaTeX Warning: Citation `WACHENHEIM2003157' on page 2 undefined on input line 32.


LaTeX Warning: Citation `Pearl1920' on page 2 undefined on input line 32.


LaTeX Warning: Citation `WACHENHEIM2003157' on page 2 undefined on input line 32.


LaTeX Warning: Citation `Tjrve2017' on page 2 undefined on input line 32.


LaTeX Warning: Citation `Garcia2021' on page 2 undefined on input line 32.


Underfull \hbox (badness 10000) in paragraph at lines 32--33

 []


LaTeX Warning: Citation `JOHNSON2004101' on page 2 undefined on input line 34.


LaTeX Warning: Citation `ABA2021109108' on page 2 undefined on input line 34.


LaTeX Warning: Citation `Ward1972' on page 2 undefined on input line 34.


LaTeX Warning: Citation `Dey2020' on page 2 undefined on input line 34.


LaTeX Warning: Citation `Nedwell1994' on page 2 undefined on input line 34.


Underfull \hbox (badness 10000) in paragraph at lines 34--35

 []

[2] [3]

LaTeX Warning: Citation `JOHNSON2004101' on page 4 undefined on input line 44.

LaTeX Font Info:    External font `cmex10' loaded for size
(Font)              <10.95> on input line 46.

LaTeX Warning: Citation `Zwietering1990' on page 4 undefined on input line 49.


LaTeX Warning: Citation `Freckleton2002' on page 4 undefined on input line 60.

[4]

LaTeX Warning: Citation `JOHNSON2004101' on page 5 undefined on input line 64.


LaTeX Warning: Citation `JOHNSON2004101' on page 5 undefined on input line 64.


LaTeX Warning: Citation `JOHNSON2004101' on page 5 undefined on input line 64.


Underfull \hbox (badness 10000) in paragraph at lines 64--65

 []


LaTeX Warning: Citation `DASH2023103140' on page 5 undefined on input line 66.

[5]

LaTeX Warning: Citation `10.5555/1593511' on page 6 undefined on input line 70.


LaTeX Warning: Citation `R' on page 6 undefined on input line 70.

<../results/LinearMod.png, id=32, 505.89pt x 505.89pt>
File: ../results/LinearMod.png Graphic file (type png)
<use ../results/LinearMod.png>
Package pdftex.def Info: ../results/LinearMod.png  used on input line 78.
(pdftex.def)             Requested size: 180.0pt x 179.99745pt.
<../results/LogMod.png, id=33, 505.89pt x 505.89pt>
File: ../results/LogMod.png Graphic file (type png)
<use ../results/LogMod.png>
Package pdftex.def Info: ../results/LogMod.png  used on input line 82.
(pdftex.def)             Requested size: 180.0pt x 179.99745pt.

Underfull \hbox (badness 10000) in paragraph at lines 88--89

 []

[6]
Underfull \hbox (badness 10000) in paragraph at lines 94--95

 []

[7 <../results/LinearMod.png (PNG copy)> <../results/LogMod.png (PNG copy)>]
<../results/proportionplot.png, id=41, 578.16pt x 289.08pt>
File: ../results/proportionplot.png Graphic file (type png)
<use ../results/proportionplot.png>
Package pdftex.def Info: ../results/proportionplot.png  used on input line 98.
(pdftex.def)             Requested size: 289.07928pt x 144.53964pt.


LaTeX Warning: Citation `Coelho2019' on page 8 undefined on input line 104.


Underfull \hbox (badness 10000) in paragraph at lines 104--105

 []


Underfull \hbox (badness 10000) in paragraph at lines 106--107

 []

[8 <../results/proportionplot.png (PNG copy)>]

LaTeX Warning: Citation `Dey2020' on page 9 undefined on input line 108.


LaTeX Warning: Citation `Rolfe2012' on page 9 undefined on input line 108.


LaTeX Warning: Citation `KIM201764' on page 9 undefined on input line 108.


Underfull \hbox (badness 10000) in paragraph at lines 108--109

 []


LaTeX Warning: Citation `JOHNSON2004101' on page 9 undefined on input line 111.

[9] (./Write_up.bbl [10]
./Write_up.bbl:57: Misplaced alignment tab character &.
l.57 \newblock {\em Trends in Ecology &
                                        Evolution}, 19(2):101--108.
I can't figure out why you would want to use a tab mark
here. If you just want an ampersand, the remedy is
simple: Just type `I\&' now. But if some right brace
up above has ended a previous alignment prematurely,
you're probably due for more error messages, and you
might try typing `S' now just to see what is salvageable.

[11] [12]
Underfull \hbox (badness 1442) in paragraph at lines 124--128
[]\OT1/cmr/m/n/10.95 Wachenheim, D. E., Pat-ter-son, J. A., and
 []

) [13] (./Write_up.aux)

LaTeX Warning: There were undefined references.


LaTeX Warning: Label(s) may have changed. Rerun to get cross-references right.

 ) 
Here is how much of TeX's memory you used:
 4796 strings out of 478287
 94935 string characters out of 5849289
 387539 words of memory out of 5000000
 22942 multiletter control sequences out of 15000+600000
 475384 words of font info for 48 fonts, out of 8000000 for 9000
 1141 hyphenation exceptions out of 8191
 68i,8n,77p,1913b,459s stack positions out of 5000i,500n,10000p,200000b,80000s
</usr/share/texlive/texmf-dist/fonts/type1/public/amsfonts/cm/cmbx10.pfb></usr/share/texlive/texmf-dist/fonts/type1/public/amsfonts/cm/cmbx12.pfb></usr/share/texlive/texmf-dist/fonts/type1/public/amsfonts/cm/cmmi10.pfb></usr/share/texlive/texmf-dist/fonts/type1/public/amsfonts/cm/cmmi6.pfb></usr/share/texlive/texmf-dist/fonts/type1/public/amsfonts/cm/cmmi8.pfb></usr/share/texlive/texmf-dist/fonts/type1/public/amsfonts/cm/cmr10.pfb></usr/share/texlive/texmf-dist/fonts/type1/public/amsfonts/cm/cmr12.pfb></usr/share/texlive/texmf-dist/fonts/type1/public/amsfonts/cm/cmr17.pfb></usr/share/texlive/texmf-dist/fonts/type1/public/amsfonts/cm/cmr6.pfb></usr/share/texlive/texmf-dist/fonts/type1/public/amsfonts/cm/cmr8.pfb></usr/share/texlive/texmf-dist/fonts/type1/public/amsfonts/cm/cmss8.pfb></usr/share/texlive/texmf-dist/fonts/type1/public/amsfonts/cm/cmsy10.pfb></usr/share/texlive/texmf-dist/fonts/type1/public/amsfonts/cm/cmsy6.pfb></usr/share/texlive/texmf-dist/fonts/type1/public/amsfonts/cm/cmsy8.pfb></usr/share/texlive/texmf-dist/fonts/type1/public/amsfonts/cm/cmti10.pfb>
Output written on Write_up.pdf (13 pages, 1256519 bytes).
PDF statistics:
 125 PDF objects out of 1000 (max. 8388607)
 76 compressed objects within 1 object stream
 0 named destinations out of 1000 (max. 500000)
 16 words of extra memory for PDF output out of 10000 (max. 10000000)

